生成启动时间为 2020/6/13 16:30:16。
     1>项目“D:\Visual Studio 2012\Projects\EDncrypt\EDncrypt\EDncrypt.vcxproj”在节点 2 上(Build 个目标)。
     1>ClCompile:
         D:\Program Files (x86)\Microsoft Visual Studio 11.0\VC\bin\CL.exe /c /ZI /nologo /W3 /WX- /sdl /Od /Oy- /D WIN32 /D _WINDOWS /D _DEBUG /D _MBCS /D _AFXDLL /Gm /EHsc /RTC1 /MDd /GS /fp:precise /Zc:wchar_t /Zc:forScope /Yc"stdafx.h" /Fp"Debug\EDncrypt.pch" /Fo"Debug\\" /Fd"Debug\vc110.pdb" /Gd /TP /analyze- /errorReport:prompt stdafx.cpp
         stdafx.cpp
         D:\Program Files (x86)\Microsoft Visual Studio 11.0\VC\bin\CL.exe /c /ZI /nologo /W3 /WX- /sdl /Od /Oy- /D WIN32 /D _WINDOWS /D _DEBUG /D _MBCS /D _AFXDLL /Gm /EHsc /RTC1 /MDd /GS /fp:precise /Zc:wchar_t /Zc:forScope /Yu"stdafx.h" /Fp"Debug\EDncrypt.pch" /Fo"Debug\\" /Fd"Debug\vc110.pdb" /Gd /TP /analyze- /errorReport:prompt EDncrypt.cpp EDncryptDlg.cpp EDncryptView.cpp
         EDncryptView.cpp
         EDncryptDlg.cpp
     1>d:\visual studio 2012\projects\edncrypt\edncrypt\toolfunc.h(32): warning C4244: “=”: 从“double”转换到“char”，可能丢失数据
     1>d:\visual studio 2012\projects\edncrypt\edncrypt\toolfunc.h(42): warning C4018: “<”: 有符号/无符号不匹配
     1>d:\visual studio 2012\projects\edncrypt\edncrypt\rsa.h(283): warning C4018: “<”: 有符号/无符号不匹配
     1>d:\visual studio 2012\projects\edncrypt\edncrypt\rsa.h(292): warning C4018: “<”: 有符号/无符号不匹配
     1>d:\visual studio 2012\projects\edncrypt\edncrypt\rsa.h(355): warning C4018: “<”: 有符号/无符号不匹配
     1>d:\visual studio 2012\projects\edncrypt\edncrypt\rsa.h(429): warning C4018: “<”: 有符号/无符号不匹配
     1>d:\visual studio 2012\projects\edncrypt\edncrypt\rsa.h(545): warning C4018: “<”: 有符号/无符号不匹配
     1>d:\visual studio 2012\projects\edncrypt\edncrypt\rsa.h(567): warning C4018: “<=”: 有符号/无符号不匹配
     1>d:\visual studio 2012\projects\edncrypt\edncrypt\md5.h(55): warning C4244: “初始化”: 从“double”转换到“unsigned int”，可能丢失数据
     1>d:\visual studio 2012\projects\edncrypt\edncrypt\md5.h(79): warning C4018: “<”: 有符号/无符号不匹配
     1>d:\visual studio 2012\projects\edncrypt\edncrypt\md5.h(86): warning C4018: “<”: 有符号/无符号不匹配
     1>d:\visual studio 2012\projects\edncrypt\edncrypt\sha-1.h(31): warning C4800: “int”: 将值强制为布尔值“true”或“false”(性能警告)
     1>d:\visual studio 2012\projects\edncrypt\edncrypt\sha-1.h(41): warning C4554: “|”: 检查运算符优先级可能存在的错误；使用圆括号阐明优先级
     1>d:\visual studio 2012\projects\edncrypt\edncrypt\sha-1.h(82): warning C4018: “<”: 有符号/无符号不匹配
     1>d:\visual studio 2012\projects\edncrypt\edncrypt\sha-1.h(128): warning C4244: “初始化”: 从“__int64”转换到“unsigned int”，可能丢失数据
     1>d:\visual studio 2012\projects\edncrypt\edncrypt\sha-1.h(130): warning C4018: “<”: 有符号/无符号不匹配
     1>d:\visual studio 2012\projects\edncrypt\edncrypt\edncryptdlg.cpp(272): warning C4244: “参数”: 从“unsigned __int64”转换到“unsigned int”，可能丢失数据
     1>d:\visual studio 2012\projects\edncrypt\edncrypt\edncryptdlg.cpp(298): warning C4018: “<”: 有符号/无符号不匹配
     1>d:\visual studio 2012\projects\edncrypt\edncrypt\edncryptdlg.cpp(362): warning C4244: “初始化”: 从“unsigned __int64”转换到“unsigned int”，可能丢失数据
     1>d:\visual studio 2012\projects\edncrypt\edncrypt\edncryptdlg.cpp(363): warning C4244: “参数”: 从“unsigned __int64”转换到“UINT”，可能丢失数据
     1>d:\visual studio 2012\projects\edncrypt\edncrypt\edncryptdlg.cpp(375): warning C4244: “参数”: 从“unsigned __int64”转换到“unsigned int”，可能丢失数据
     1>d:\visual studio 2012\projects\edncrypt\edncrypt\edncryptdlg.cpp(400): warning C4244: “参数”: 从“unsigned __int64”转换到“unsigned int”，可能丢失数据
     1>d:\visual studio 2012\projects\edncrypt\edncrypt\edncryptdlg.cpp(417): warning C4244: “参数”: 从“unsigned __int64”转换到“unsigned int”，可能丢失数据
     1>d:\visual studio 2012\projects\edncrypt\edncrypt\edncryptdlg.cpp(435): warning C4018: “<”: 有符号/无符号不匹配
     1>d:\visual studio 2012\projects\edncrypt\edncrypt\edncryptdlg.cpp(582): warning C4018: “<”: 有符号/无符号不匹配
     1>d:\visual studio 2012\projects\edncrypt\edncrypt\edncryptdlg.cpp(625): warning C4244: “初始化”: 从“unsigned __int64”转换到“unsigned int”，可能丢失数据
     1>d:\visual studio 2012\projects\edncrypt\edncrypt\edncryptdlg.cpp(626): warning C4244: “参数”: 从“unsigned __int64”转换到“UINT”，可能丢失数据
     1>d:\visual studio 2012\projects\edncrypt\edncrypt\edncryptdlg.cpp(678): warning C4018: “<”: 有符号/无符号不匹配
         EDncrypt.cpp
         正在生成代码...
     1>d:\visual studio 2012\projects\edncrypt\edncrypt\sha-1.h(45): warning C4715: “f”: 不是所有的控件路径都返回值
       Link:
         D:\Program Files (x86)\Microsoft Visual Studio 11.0\VC\bin\link.exe /ERRORREPORT:PROMPT /OUT:"D:\Visual Studio 2012\Projects\EDncrypt\Debug\EDncrypt.exe" /INCREMENTAL /NOLOGO /MANIFEST /MANIFESTUAC:"level='asInvoker' uiAccess='false'" /manifest:embed /manifestinput:"D:\Program Files (x86)\Microsoft Visual Studio 11.0\VC\Include\Manifest\dpiaware.manifest" /DEBUG /PDB:"D:\Visual Studio 2012\Projects\EDncrypt\Debug\EDncrypt.pdb" /SUBSYSTEM:WINDOWS /TLBID:1 /DYNAMICBASE /NXCOMPAT /IMPLIB:"D:\Visual Studio 2012\Projects\EDncrypt\Debug\EDncrypt.lib" /MACHINE:X86 Debug\EDncrypt.res
         Debug\EDncrypt.obj
         Debug\EDncryptDlg.obj
         Debug\EDncryptView.obj
         Debug\stdafx.obj
         EDncrypt.vcxproj -> D:\Visual Studio 2012\Projects\EDncrypt\Debug\EDncrypt.exe
     1>已完成生成项目“D:\Visual Studio 2012\Projects\EDncrypt\EDncrypt\EDncrypt.vcxproj”(Build 个目标)的操作。

生成成功。

已用时间 00:00:08.41
